#
# There is insufficient memory for the Java Runtime Environment to continue.
# Native memory allocation (malloc) failed to allocate 716576 bytes for Chunk::new
# Possible reasons:
#   The system is out of physical RAM or swap space
#   The process is running with CompressedOops enabled, and the Java Heap may be blocking the growth of the native heap
# Possible solutions:
#   Reduce memory load on the system
#   Increase physical memory or swap space
#   Check if swap backing store is full
#   Decrease Java heap size (-Xmx/-Xms)
#   Decrease number of Java threads
#   Decrease Java thread stack sizes (-Xss)
#   Set larger code cache with -XX:ReservedCodeCacheSize=
#   JVM is running with Unscaled Compressed Oops mode in which the Java heap is
#     placed in the first 4GB address space. The Java Heap base address is the
#     maximum limit for the native heap growth. Please use -XX:HeapBaseMinAddress
#     to set the Java Heap base and to place the Java Heap above 4GB virtual address.
# This output file may be truncated or incomplete.
#
#  Out of Memory Error (t:/workspace/open/src/hotspot/share/memory/arena.cpp:197), pid=22360, tid=20880
#
# JRE version: Java(TM) SE Runtime Environment (11.0.2+9) (build 11.0.2+9-LTS)
# Java VM: Java HotSpot(TM) 64-Bit Server VM (11.0.2+9-LTS, mixed mode, tiered, compressed oops, g1 gc, windows-amd64)
# No core dump will be written. Minidumps are not enabled by default on client versions of Windows
#

---------------  S U M M A R Y ------------

Command Line: -Dfile.encoding=UTF-8 com.example.demo.DemoApplication

Host: Intel(R) Core(TM) i5-7300HQ CPU @ 2.50GHz, 4 cores, 7G,  Windows 10 , 64 bit Build 17134 (10.0.17134.648)
Time: Sun Apr  7 20:09:27 2019 ?D1¨²¡À¨º¡Á?¨º¡À?? elapsed time: 1 seconds (0d 0h 0m 1s)

---------------  T H R E A D  ---------------

Current thread (0x0000016599f20800):  JavaThread "C2 CompilerThread0" daemon [_thread_in_native, id=20880, stack(0x0000002d54d00000,0x0000002d54e00000)]


Current CompileTask:
C2:   1890 2427   !   4       jdk.internal.loader.BuiltinClassLoader::loadClassOrNull (143 bytes)

Stack: [0x0000002d54d00000,0x0000002d54e00000]
Native frames: (J=compiled Java code, j=interpreted, Vv=VM code, C=native code)
V  [jvm.dll+0x63574a]
V  [jvm.dll+0x77326f]
V  [jvm.dll+0x77491a]
V  [jvm.dll+0x774fd3]
V  [jvm.dll+0x25e418]
V  [jvm.dll+0xc2141]
V  [jvm.dll+0xc26dc]
V  [jvm.dll+0x2cf274]
V  [jvm.dll+0x55235f]
V  [jvm.dll+0x2199a5]
V  [jvm.dll+0x2172c6]
V  [jvm.dll+0x194200]
V  [jvm.dll+0x2263af]
V  [jvm.dll+0x2249b8]
V  [jvm.dll+0x738a9d]
V  [jvm.dll+0x6347f2]
C  [ucrtbase.dll+0x1e3fe]
C  [KERNEL32.DLL+0x13dc4]
C  [ntdll.dll+0x73691]


---------------  P R O C E S S  ---------------

Threads class SMR info:
_java_thread_list=0x000001659afc9b60, length=12, elements={
0x00000165fb2ae800, 0x000001659963a000, 0x0000016599643000, 0x000001659965b000,
0x000001659965c800, 0x0000016599f20800, 0x000001659966c000, 0x0000016599f86000,
0x000001659a07e000, 0x000001659a088000, 0x000001659a111800, 0x000001659aa93800
}

Java Threads: ( => current thread )
  0x00000165fb2ae800 JavaThread "main" [_thread_in_Java, id=4408, stack(0x0000002d54200000,0x0000002d54300000)]
  0x000001659963a000 JavaThread "Reference Handler" daemon [_thread_blocked, id=19396, stack(0x0000002d54900000,0x0000002d54a00000)]
  0x0000016599643000 JavaThread "Finalizer" daemon [_thread_blocked, id=18324, stack(0x0000002d54a00000,0x0000002d54b00000)]
  0x000001659965b000 JavaThread "Signal Dispatcher" daemon [_thread_blocked, id=9580, stack(0x0000002d54b00000,0x0000002d54c00000)]
  0x000001659965c800 JavaThread "Attach Listener" daemon [_thread_blocked, id=21616, stack(0x0000002d54c00000,0x0000002d54d00000)]
=>0x0000016599f20800 JavaThread "C2 CompilerThread0" daemon [_thread_in_native, id=20880, stack(0x0000002d54d00000,0x0000002d54e00000)]
  0x000001659966c000 JavaThread "C1 CompilerThread0" daemon [_thread_in_native, id=21172, stack(0x0000002d54e00000,0x0000002d54f00000)]
  0x0000016599f86000 JavaThread "Sweeper thread" daemon [_thread_blocked, id=5568, stack(0x0000002d54f00000,0x0000002d55000000)]
  0x000001659a07e000 JavaThread "Service Thread" daemon [_thread_blocked, id=22520, stack(0x0000002d55000000,0x0000002d55100000)]
  0x000001659a088000 JavaThread "Common-Cleaner" daemon [_thread_blocked, id=17460, stack(0x0000002d55200000,0x0000002d55300000)]
  0x000001659a111800 JavaThread "C2 CompilerThread1" daemon [_thread_in_native, id=23516, stack(0x0000002d55300000,0x0000002d55400000)]
  0x000001659aa93800 JavaThread "background-preinit" [_thread_in_vm, id=18728, stack(0x0000002d55400000,0x0000002d55500000)]

Other Threads:
  0x0000016599615000 VMThread "VM Thread" [stack: 0x0000002d54800000,0x0000002d54900000] [id=18296]
  0x000001659a079000 WatcherThread [stack: 0x0000002d55100000,0x0000002d55200000] [id=24468]
  0x00000165fb2c0800 GCTaskThread "GC Thread#0" [stack: 0x0000002d54300000,0x0000002d54400000] [id=1764]
  0x000001659a8f2000 GCTaskThread "GC Thread#1" [stack: 0x0000002d55500000,0x0000002d55600000] [id=12312]
  0x000001659a627000 GCTaskThread "GC Thread#2" [stack: 0x0000002d55600000,0x0000002d55700000] [id=5168]
  0x000001659a9b6800 GCTaskThread "GC Thread#3" [stack: 0x0000002d55700000,0x0000002d55800000] [id=21192]
  0x00000165fb2f3000 ConcurrentGCThread "G1 Main Marker" [stack: 0x0000002d54400000,0x0000002d54500000] [id=8188]
  0x00000165fb2f5000 ConcurrentGCThread "G1 Conc#0" [stack: 0x0000002d54500000,0x0000002d54600000] [id=2716]
  0x0000016599480800 ConcurrentGCThread "G1 Refine#0" [stack: 0x0000002d54600000,0x0000002d54700000] [id=8104]
  0x0000016599481000 ConcurrentGCThread "G1 Young RemSet Sampling" [stack: 0x0000002d54700000,0x0000002d54800000] [id=7864]

Threads with active compile tasks:
C2 CompilerThread02427   !   4       jdk.internal.loader.BuiltinClassLoader::loadClassOrNull (143 bytes)
C1 CompilerThread02586       3       org.springframework.boot.autoconfigure.condition.ConditionMessage$Builder::because (78 bytes)
C2 CompilerThread12325   !   4       org.apache.tomcat.util.IntrospectionUtils::setProperty (736 bytes)

VM state:not at safepoint (normal execution)

VM Mutex/Monitor currently owned by a thread:  ([mutex/lock_event])
[0x00000165fb2ac290] SystemDictionary_lock - owner thread: 0x0000000000000000

Heap address: 0x0000000081e00000, size: 2018 MB, Compressed Oops mode: 32-bit
Narrow klass base: 0x0000000000000000, Narrow klass shift: 3
Compressed class space size: 1073741824 Address: 0x0000000100000000

Heap:
 garbage-first heap   total 131072K, used 15720K [0x0000000081e00000, 0x0000000100000000)
  region size 1024K, 13 young (13312K), 5 survivors (5120K)
 Metaspace       used 29642K, capacity 30324K, committed 30460K, reserved 1075200K
  class space    used 3442K, capacity 3711K, committed 3836K, reserved 1048576K
Heap Regions: E=young(eden), S=young(survivor), O=old, HS=humongous(starts), HC=humongous(continues), CS=collection set, F=free, A=archive, TAMS=top-at-mark-start (previous, next)
|   0|0x0000000081e00000, 0x0000000081f00000, 0x0000000081f00000|100%| O|  |TAMS 0x0000000081f00000, 0x0000000081e00000| Untracked 
|   1|0x0000000081f00000, 0x0000000082000000, 0x0000000082000000|100%| O|  |TAMS 0x0000000082000000, 0x0000000081f00000| Untracked 
|   2|0x0000000082000000, 0x0000000082100000, 0x0000000082100000|100%| O|  |TAMS 0x0000000082100000, 0x0000000082000000| Untracked 
|   3|0x0000000082100000, 0x00000000821d5a00, 0x0000000082200000| 83%| O|  |TAMS 0x00000000821d5a00, 0x0000000082100000| Untracked 
|   4|0x0000000082200000, 0x0000000082200000, 0x0000000082300000|  0%| F|  |TAMS 0x0000000082200000, 0x0000000082200000| Untracked 
|   5|0x0000000082300000, 0x0000000082300000, 0x0000000082400000|  0%| F|  |TAMS 0x0000000082300000, 0x0000000082300000| Untracked 
|   6|0x0000000082400000, 0x0000000082400000, 0x0000000082500000|  0%| F|  |TAMS 0x0000000082400000, 0x0000000082400000| Untracked 
|   7|0x0000000082500000, 0x0000000082500000, 0x0000000082600000|  0%| F|  |TAMS 0x0000000082500000, 0x0000000082500000| Untracked 
|   8|0x0000000082600000, 0x0000000082600000, 0x0000000082700000|  0%| F|  |TAMS 0x0000000082600000, 0x0000000082600000| Untracked 
|   9|0x0000000082700000, 0x0000000082700000, 0x0000000082800000|  0%| F|  |TAMS 0x0000000082700000, 0x0000000082700000| Untracked 
|  10|0x0000000082800000, 0x0000000082800000, 0x0000000082900000|  0%| F|  |TAMS 0x0000000082800000, 0x0000000082800000| Untracked 
|  11|0x0000000082900000, 0x0000000082900000, 0x0000000082a00000|  0%| F|  |TAMS 0x0000000082900000, 0x0000000082900000| Untracked 
|  12|0x0000000082a00000, 0x0000000082a00000, 0x0000000082b00000|  0%| F|  |TAMS 0x0000000082a00000, 0x0000000082a00000| Untracked 
|  13|0x0000000082b00000, 0x0000000082b00000, 0x0000000082c00000|  0%| F|  |TAMS 0x0000000082b00000, 0x0000000082b00000| Untracked 
|  14|0x0000000082c00000, 0x0000000082c00000, 0x0000000082d00000|  0%| F|  |TAMS 0x0000000082c00000, 0x0000000082c00000| Untracked 
|  15|0x0000000082d00000, 0x0000000082d00000, 0x0000000082e00000|  0%| F|  |TAMS 0x0000000082d00000, 0x0000000082d00000| Untracked 
|  16|0x0000000082e00000, 0x0000000082e00000, 0x0000000082f00000|  0%| F|  |TAMS 0x0000000082e00000, 0x0000000082e00000| Untracked 
|  17|0x0000000082f00000, 0x0000000082f00000, 0x0000000083000000|  0%| F|  |TAMS 0x0000000082f00000, 0x0000000082f00000| Untracked 
|  18|0x0000000083000000, 0x0000000083000000, 0x0000000083100000|  0%| F|  |TAMS 0x0000000083000000, 0x0000000083000000| Untracked 
|  19|0x0000000083100000, 0x0000000083100000, 0x0000000083200000|  0%| F|  |TAMS 0x0000000083100000, 0x0000000083100000| Untracked 
|  20|0x0000000083200000, 0x0000000083200000, 0x0000000083300000|  0%| F|  |TAMS 0x0000000083200000, 0x0000000083200000| Untracked 
|  21|0x0000000083300000, 0x0000000083300000, 0x0000000083400000|  0%| F|  |TAMS 0x0000000083300000, 0x0000000083300000| Untracked 
|  22|0x0000000083400000, 0x0000000083400000, 0x0000000083500000|  0%| F|  |TAMS 0x0000000083400000, 0x0000000083400000| Untracked 
|  23|0x0000000083500000, 0x0000000083500000, 0x0000000083600000|  0%| F|  |TAMS 0x0000000083500000, 0x0000000083500000| Untracked 
|  24|0x0000000083600000, 0x0000000083600000, 0x0000000083700000|  0%| F|  |TAMS 0x0000000083600000, 0x0000000083600000| Untracked 
|  25|0x0000000083700000, 0x0000000083700000, 0x0000000083800000|  0%| F|  |TAMS 0x0000000083700000, 0x0000000083700000| Untracked 
|  26|0x0000000083800000, 0x0000000083800000, 0x0000000083900000|  0%| F|  |TAMS 0x0000000083800000, 0x0000000083800000| Untracked 
|  27|0x0000000083900000, 0x0000000083900000, 0x0000000083a00000|  0%| F|  |TAMS 0x0000000083900000, 0x0000000083900000| Untracked 
|  28|0x0000000083a00000, 0x0000000083a00000, 0x0000000083b00000|  0%| F|  |TAMS 0x0000000083a00000, 0x0000000083a00000| Untracked 
|  29|0x0000000083b00000, 0x0000000083b00000, 0x0000000083c00000|  0%| F|  |TAMS 0x0000000083b00000, 0x0000000083b00000| Untracked 
|  30|0x0000000083c00000, 0x0000000083c00000, 0x0000000083d00000|  0%| F|  |TAMS 0x0000000083c00000, 0x0000000083c00000| Untracked 
|  31|0x0000000083d00000, 0x0000000083d00000, 0x0000000083e00000|  0%| F|  |TAMS 0x0000000083d00000, 0x0000000083d00000| Untracked 
|  32|0x0000000083e00000, 0x0000000083e00000, 0x0000000083f00000|  0%| F|  |TAMS 0x0000000083e00000, 0x0000000083e00000| Untracked 
|  33|0x0000000083f00000, 0x0000000083f00000, 0x0000000084000000|  0%| F|  |TAMS 0x0000000083f00000, 0x0000000083f00000| Untracked 
|  34|0x0000000084000000, 0x0000000084000000, 0x0000000084100000|  0%| F|  |TAMS 0x0000000084000000, 0x0000000084000000| Untracked 
|  35|0x0000000084100000, 0x0000000084100000, 0x0000000084200000|  0%| F|  |TAMS 0x0000000084100000, 0x0000000084100000| Untracked 
|  36|0x0000000084200000, 0x0000000084200000, 0x0000000084300000|  0%| F|  |TAMS 0x0000000084200000, 0x0000000084200000| Untracked 
|  37|0x0000000084300000, 0x0000000084300000, 0x0000000084400000|  0%| F|  |TAMS 0x0000000084300000, 0x0000000084300000| Untracked 
|  38|0x0000000084400000, 0x0000000084400000, 0x0000000084500000|  0%| F|  |TAMS 0x0000000084400000, 0x0000000084400000| Untracked 
|  39|0x0000000084500000, 0x0000000084500000, 0x0000000084600000|  0%| F|  |TAMS 0x0000000084500000, 0x0000000084500000| Untracked 
|  40|0x0000000084600000, 0x0000000084600000, 0x0000000084700000|  0%| F|  |TAMS 0x0000000084600000, 0x0000000084600000| Untracked 
|  41|0x0000000084700000, 0x0000000084700000, 0x0000000084800000|  0%| F|  |TAMS 0x0000000084700000, 0x0000000084700000| Untracked 
|  42|0x0000000084800000, 0x0000000084800000, 0x0000000084900000|  0%| F|  |TAMS 0x0000000084800000, 0x0000000084800000| Untracked 
|  43|0x0000000084900000, 0x0000000084900000, 0x0000000084a00000|  0%| F|  |TAMS 0x0000000084900000, 0x0000000084900000| Untracked 
|  44|0x0000000084a00000, 0x0000000084a00000, 0x0000000084b00000|  0%| F|  |TAMS 0x0000000084a00000, 0x0000000084a00000| Untracked 
|  45|0x0000000084b00000, 0x0000000084b00000, 0x0000000084c00000|  0%| F|  |TAMS 0x0000000084b00000, 0x0000000084b00000| Untracked 
|  46|0x0000000084c00000, 0x0000000084c00000, 0x0000000084d00000|  0%| F|  |TAMS 0x0000000084c00000, 0x0000000084c00000| Untracked 
|  47|0x0000000084d00000, 0x0000000084d00000, 0x0000000084e00000|  0%| F|  |TAMS 0x0000000084d00000, 0x0000000084d00000| Untracked 
|  48|0x0000000084e00000, 0x0000000084e00000, 0x0000000084f00000|  0%| F|  |TAMS 0x0000000084e00000, 0x0000000084e00000| Untracked 
|  49|0x0000000084f00000, 0x0000000084f00000, 0x0000000085000000|  0%| F|  |TAMS 0x0000000084f00000, 0x0000000084f00000| Untracked 
|  50|0x0000000085000000, 0x0000000085000000, 0x0000000085100000|  0%| F|  |TAMS 0x0000000085000000, 0x0000000085000000| Untracked 
|  51|0x0000000085100000, 0x0000000085100000, 0x0000000085200000|  0%| F|  |TAMS 0x0000000085100000, 0x0000000085100000| Untracked 
|  52|0x0000000085200000, 0x0000000085200000, 0x0000000085300000|  0%| F|  |TAMS 0x0000000085200000, 0x0000000085200000| Untracked 
|  53|0x0000000085300000, 0x0000000085300000, 0x0000000085400000|  0%| F|  |TAMS 0x0000000085300000, 0x0000000085300000| Untracked 
|  54|0x0000000085400000, 0x0000000085400000, 0x0000000085500000|  0%| F|  |TAMS 0x0000000085400000, 0x0000000085400000| Untracked 
|  55|0x0000000085500000, 0x0000000085500000, 0x0000000085600000|  0%| F|  |TAMS 0x0000000085500000, 0x0000000085500000| Untracked 
|  56|0x0000000085600000, 0x0000000085600000, 0x0000000085700000|  0%| F|  |TAMS 0x0000000085600000, 0x0000000085600000| Untracked 
|  57|0x0000000085700000, 0x0000000085700000, 0x0000000085800000|  0%| F|  |TAMS 0x0000000085700000, 0x0000000085700000| Untracked 
|  58|0x0000000085800000, 0x0000000085800000, 0x0000000085900000|  0%| F|  |TAMS 0x0000000085800000, 0x0000000085800000| Untracked 
|  59|0x0000000085900000, 0x0000000085900000, 0x0000000085a00000|  0%| F|  |TAMS 0x0000000085900000, 0x0000000085900000| Untracked 
|  60|0x0000000085a00000, 0x0000000085a00000, 0x0000000085b00000|  0%| F|  |TAMS 0x0000000085a00000, 0x0000000085a00000| Untracked 
|  61|0x0000000085b00000, 0x0000000085b00000, 0x0000000085c00000|  0%| F|  |TAMS 0x0000000085b00000, 0x0000000085b00000| Untracked 
|  62|0x0000000085c00000, 0x0000000085c00000, 0x0000000085d00000|  0%| F|  |TAMS 0x0000000085c00000, 0x0000000085c00000| Untracked 
|  63|0x0000000085d00000, 0x0000000085d00000, 0x0000000085e00000|  0%| F|  |TAMS 0x0000000085d00000, 0x0000000085d00000| Untracked 
|  64|0x0000000085e00000, 0x0000000085e00000, 0x0000000085f00000|  0%| F|  |TAMS 0x0000000085e00000, 0x0000000085e00000| Untracked 
|  65|0x0000000085f00000, 0x0000000085f00000, 0x0000000086000000|  0%| F|  |TAMS 0x0000000085f00000, 0x0000000085f00000| Untracked 
|  66|0x0000000086000000, 0x0000000086000000, 0x0000000086100000|  0%| F|  |TAMS 0x0000000086000000, 0x0000000086000000| Untracked 
|  67|0x0000000086100000, 0x0000000086100000, 0x0000000086200000|  0%| F|  |TAMS 0x0000000086100000, 0x0000000086100000| Untracked 
|  68|0x0000000086200000, 0x0000000086200000, 0x0000000086300000|  0%| F|  |TAMS 0x0000000086200000, 0x0000000086200000| Untracked 
|  69|0x0000000086300000, 0x0000000086300000, 0x0000000086400000|  0%| F|  |TAMS 0x0000000086300000, 0x0000000086300000| Untracked 
|  70|0x0000000086400000, 0x0000000086400000, 0x0000000086500000|  0%| F|  |TAMS 0x0000000086400000, 0x0000000086400000| Untracked 
|  71|0x0000000086500000, 0x0000000086500000, 0x0000000086600000|  0%| F|  |TAMS 0x0000000086500000, 0x0000000086500000| Untracked 
|  72|0x0000000086600000, 0x0000000086600000, 0x0000000086700000|  0%| F|  |TAMS 0x0000000086600000, 0x0000000086600000| Untracked 
|  73|0x0000000086700000, 0x0000000086700000, 0x0000000086800000|  0%| F|  |TAMS 0x0000000086700000, 0x0000000086700000| Untracked 
|  74|0x0000000086800000, 0x0000000086800000, 0x0000000086900000|  0%| F|  |TAMS 0x0000000086800000, 0x0000000086800000| Untracked 
|  75|0x0000000086900000, 0x0000000086900000, 0x0000000086a00000|  0%| F|  |TAMS 0x0000000086900000, 0x0000000086900000| Untracked 
|  76|0x0000000086a00000, 0x0000000086a00000, 0x0000000086b00000|  0%| F|  |TAMS 0x0000000086a00000, 0x0000000086a00000| Untracked 
|  77|0x0000000086b00000, 0x0000000086b00000, 0x0000000086c00000|  0%| F|  |TAMS 0x0000000086b00000, 0x0000000086b00000| Untracked 
|  78|0x0000000086c00000, 0x0000000086c00000, 0x0000000086d00000|  0%| F|  |TAMS 0x0000000086c00000, 0x0000000086c00000| Untracked 
|  79|0x0000000086d00000, 0x0000000086d00000, 0x0000000086e00000|  0%| F|  |TAMS 0x0000000086d00000, 0x0000000086d00000| Untracked 
|  80|0x0000000086e00000, 0x0000000086e84750, 0x0000000086f00000| 51%| S|CS|TAMS 0x0000000086e00000, 0x0000000086e00000| Complete 
|  81|0x0000000086f00000, 0x0000000087000000, 0x0000000087000000|100%| S|CS|TAMS 0x0000000086f00000, 0x0000000086f00000| Complete 
|  82|0x0000000087000000, 0x0000000087100000, 0x0000000087100000|100%| S|CS|TAMS 0x0000000087000000, 0x0000000087000000| Complete 
|  83|0x0000000087100000, 0x0000000087200000, 0x0000000087200000|100%| S|CS|TAMS 0x0000000087100000, 0x0000000087100000| Complete 
|  84|0x0000000087200000, 0x0000000087300000, 0x0000000087300000|100%| S|CS|TAMS 0x0000000087200000, 0x0000000087200000| Complete 
|  85|0x0000000087300000, 0x0000000087300000, 0x0000000087400000|  0%| F|  |TAMS 0x0000000087300000, 0x0000000087300000| Untracked 
|  86|0x0000000087400000, 0x0000000087400000, 0x0000000087500000|  0%| F|  |TAMS 0x0000000087400000, 0x0000000087400000| Untracked 
|  87|0x0000000087500000, 0x0000000087500000, 0x0000000087600000|  0%| F|  |TAMS 0x0000000087500000, 0x0000000087500000| Untracked 
|  88|0x0000000087600000, 0x0000000087600000, 0x0000000087700000|  0%| F|  |TAMS 0x0000000087600000, 0x0000000087600000| Untracked 
|  89|0x0000000087700000, 0x0000000087700000, 0x0000000087800000|  0%| F|  |TAMS 0x0000000087700000, 0x0000000087700000| Untracked 
|  90|0x0000000087800000, 0x0000000087800000, 0x0000000087900000|  0%| F|  |TAMS 0x0000000087800000, 0x0000000087800000| Untracked 
|  91|0x0000000087900000, 0x0000000087900000, 0x0000000087a00000|  0%| F|  |TAMS 0x0000000087900000, 0x0000000087900000| Untracked 
|  92|0x0000000087a00000, 0x0000000087a00000, 0x0000000087b00000|  0%| F|  |TAMS 0x0000000087a00000, 0x0000000087a00000| Untracked 
|  93|0x0000000087b00000, 0x0000000087b00000, 0x0000000087c00000|  0%| F|  |TAMS 0x0000000087b00000, 0x0000000087b00000| Untracked 
|  94|0x0000000087c00000, 0x0000000087c00000, 0x0000000087d00000|  0%| F|  |TAMS 0x0000000087c00000, 0x0000000087c00000| Untracked 
|  95|0x0000000087d00000, 0x0000000087d00000, 0x0000000087e00000|  0%| F|  |TAMS 0x0000000087d00000, 0x0000000087d00000| Untracked 
|  96|0x0000000087e00000, 0x0000000087e00000, 0x0000000087f00000|  0%| F|  |TAMS 0x0000000087e00000, 0x0000000087e00000| Untracked 
|  97|0x0000000087f00000, 0x0000000087f00000, 0x0000000088000000|  0%| F|  |TAMS 0x0000000087f00000, 0x0000000087f00000| Untracked 
|  98|0x0000000088000000, 0x0000000088000000, 0x0000000088100000|  0%| F|  |TAMS 0x0000000088000000, 0x0000000088000000| Untracked 
|  99|0x0000000088100000, 0x0000000088100000, 0x0000000088200000|  0%| F|  |TAMS 0x0000000088100000, 0x0000000088100000| Untracked 
| 100|0x0000000088200000, 0x0000000088200000, 0x0000000088300000|  0%| F|  |TAMS 0x0000000088200000, 0x0000000088200000| Untracked 
| 101|0x0000000088300000, 0x0000000088300000, 0x0000000088400000|  0%| F|  |TAMS 0x0000000088300000, 0x0000000088300000| Untracked 
| 102|0x0000000088400000, 0x0000000088400000, 0x0000000088500000|  0%| F|  |TAMS 0x0000000088400000, 0x0000000088400000| Untracked 
| 103|0x0000000088500000, 0x0000000088500000, 0x0000000088600000|  0%| F|  |TAMS 0x0000000088500000, 0x0000000088500000| Untracked 
| 104|0x0000000088600000, 0x0000000088600000, 0x0000000088700000|  0%| F|  |TAMS 0x0000000088600000, 0x0000000088600000| Untracked 
| 105|0x0000000088700000, 0x0000000088700000, 0x0000000088800000|  0%| F|  |TAMS 0x0000000088700000, 0x0000000088700000| Untracked 
| 106|0x0000000088800000, 0x0000000088800000, 0x0000000088900000|  0%| F|  |TAMS 0x0000000088800000, 0x0000000088800000| Untracked 
| 107|0x0000000088900000, 0x0000000088900000, 0x0000000088a00000|  0%| F|  |TAMS 0x0000000088900000, 0x0000000088900000| Untracked 
| 108|0x0000000088a00000, 0x0000000088a00000, 0x0000000088b00000|  0%| F|  |TAMS 0x0000000088a00000, 0x0000000088a00000| Untracked 
| 109|0x0000000088b00000, 0x0000000088b00000, 0x0000000088c00000|  0%| F|  |TAMS 0x0000000088b00000, 0x0000000088b00000| Untracked 
| 110|0x0000000088c00000, 0x0000000088c00000, 0x0000000088d00000|  0%| F|  |TAMS 0x0000000088c00000, 0x0000000088c00000| Untracked 
| 111|0x0000000088d00000, 0x0000000088d00000, 0x0000000088e00000|  0%| F|  |TAMS 0x0000000088d00000, 0x0000000088d00000| Untracked 
| 112|0x0000000088e00000, 0x0000000088e00000, 0x0000000088f00000|  0%| F|  |TAMS 0x0000000088e00000, 0x0000000088e00000| Untracked 
| 113|0x0000000088f00000, 0x0000000088f00000, 0x0000000089000000|  0%| F|  |TAMS 0x0000000088f00000, 0x0000000088f00000| Untracked 
| 114|0x0000000089000000, 0x0000000089000000, 0x0000000089100000|  0%| F|  |TAMS 0x0000000089000000, 0x0000000089000000| Untracked 
| 115|0x0000000089100000, 0x0000000089100000, 0x0000000089200000|  0%| F|  |TAMS 0x0000000089100000, 0x0000000089100000| Untracked 
| 116|0x0000000089200000, 0x0000000089200000, 0x0000000089300000|  0%| F|  |TAMS 0x0000000089200000, 0x0000000089200000| Untracked 
| 117|0x0000000089300000, 0x0000000089300000, 0x0000000089400000|  0%| F|  |TAMS 0x0000000089300000, 0x0000000089300000| Untracked 
| 118|0x0000000089400000, 0x0000000089400000, 0x0000000089500000|  0%| F|  |TAMS 0x0000000089400000, 0x0000000089400000| Untracked 
| 119|0x0000000089500000, 0x0000000089580800, 0x0000000089600000| 50%| E|  |TAMS 0x0000000089500000, 0x0000000089500000| Complete 
| 120|0x0000000089600000, 0x0000000089700000, 0x0000000089700000|100%| E|CS|TAMS 0x0000000089600000, 0x0000000089600000| Complete 
| 121|0x0000000089700000, 0x0000000089800000, 0x0000000089800000|100%| E|CS|TAMS 0x0000000089700000, 0x0000000089700000| Complete 
| 122|0x0000000089800000, 0x0000000089900000, 0x0000000089900000|100%| E|CS|TAMS 0x0000000089800000, 0x0000000089800000| Complete 
| 123|0x0000000089900000, 0x0000000089a00000, 0x0000000089a00000|100%| E|CS|TAMS 0x0000000089900000, 0x0000000089900000| Complete 
| 124|0x0000000089a00000, 0x0000000089b00000, 0x0000000089b00000|100%| E|CS|TAMS 0x0000000089a00000, 0x0000000089a00000| Complete 
| 125|0x0000000089b00000, 0x0000000089c00000, 0x0000000089c00000|100%| E|CS|TAMS 0x0000000089b00000, 0x0000000089b00000| Complete 
| 126|0x0000000089c00000, 0x0000000089d00000, 0x0000000089d00000|100%| E|CS|TAMS 0x0000000089c00000, 0x0000000089c00000| Complete 
| 127|0x0000000089d00000, 0x0000000089e00000, 0x0000000089e00000|100%| E|CS|TAMS 0x0000000089d00000, 0x0000000089d00000| Complete 

Card table byte_map: [0x00000165fb780000,0x00000165fbb80000] _byte_map_base: 0x00000165fb371000

Marking Bits (Prev, Next): (CMBitMap*) 0x00000165fb2ea740, (CMBitMap*) 0x00000165fb2ea708
 Prev Bits: [0x00000165fdf10000, 0x00000165ffe98000)
 Next Bits: [0x00000165fbf80000, 0x00000165fdf08000)

Polling page: 0x00000165faa80000

Metaspace:

Usage:
  Non-class:     26.12 MB capacity,    25.70 MB ( 98%) used,   352.94 KB (  1%) free+waste,    76.75 KB ( <1%) overhead. 
      Class:      3.63 MB capacity,     3.38 MB ( 93%) used,   219.02 KB (  6%) free+waste,    36.81 KB ( <1%) overhead. 
       Both:     29.74 MB capacity,    29.07 MB ( 98%) used,   571.95 KB (  2%) free+waste,   113.56 KB ( <1%) overhead. 

Virtual space:
  Non-class space:       28.00 MB reserved,      26.25 MB ( 94%) committed 
      Class space:        1.00 GB reserved,       3.75 MB ( <1%) committed 
             Both:        1.03 GB reserved,      30.00 MB (  3%) committed 

Chunk freelists:
   Non-Class:  128 bytes
       Class:  0 bytes
        Both:  128 bytes

CodeHeap 'non-profiled nmethods': size=120064Kb used=1055Kb max_used=1055Kb free=119008Kb
 bounds [0x000001658fd10000, 0x000001658ff80000, 0x0000016597250000]
CodeHeap 'profiled nmethods': size=120000Kb used=5716Kb max_used=5716Kb free=114283Kb
 bounds [0x00000165887e0000, 0x0000016588d80000, 0x000001658fd10000]
CodeHeap 'non-nmethods': size=5696Kb used=1145Kb max_used=1155Kb free=4550Kb
 bounds [0x0000016588250000, 0x00000165884c0000, 0x00000165887e0000]
 total_blobs=3596 nmethods=2496 adapters=383
 compilation: enabled
              stopped_count=0, restarted_count=0
 full_count=0

Compilation events (10 events):
Event: 1.886 Thread 0x000001659966c000 2496       3       java.util.Collections$UnmodifiableMap::containsKey (11 bytes)
Event: 1.886 Thread 0x000001659966c000 nmethod 2496 0x0000016588d48810 code [0x0000016588d489e0, 0x0000016588d48c10]
Event: 1.886 Thread 0x000001659966c000 2497       3       org.springframework.core.env.SystemEnvironmentPropertySource::checkPropertyName (97 bytes)
Event: 1.887 Thread 0x000001659966c000 nmethod 2497 0x0000016588d48d10 code [0x0000016588d48f60, 0x0000016588d49540]
Event: 1.887 Thread 0x000001659966c000 2498       3       org.springframework.core.type.classreading.MethodMetadataReadingVisitor::isAnnotated (9 bytes)
Event: 1.887 Thread 0x000001659966c000 nmethod 2498 0x0000016588d49790 code [0x0000016588d49960, 0x0000016588d49c10]
Event: 1.888 Thread 0x000001659966c000 2500       1       java.util.TreeMap$Entry::getKey (5 bytes)
Event: 1.888 Thread 0x000001659966c000 nmethod 2500 0x000001658fe12110 code [0x000001658fe122c0, 0x000001658fe123d8]
Event: 1.888 Thread 0x000001659966c000 2501       3       java.util.TreeMap$PrivateEntryIterator::nextEntry (54 bytes)
Event: 1.888 Thread 0x000001659966c000 nmethod 2501 0x0000016588d49d10 code [0x0000016588d49f00, 0x0000016588d4a330]

GC Heap History (8 events):
Event: 0.723 GC heap before
{Heap before GC invocations=0 (full 0):
 garbage-first heap   total 131072K, used 13312K [0x0000000081e00000, 0x0000000100000000)
  region size 1024K, 14 young (14336K), 0 survivors (0K)
 Metaspace       used 11097K, capacity 11352K, committed 11520K, reserved 1058816K
  class space    used 1090K, capacity 1171K, committed 1280K, reserved 1048576K
}
Event: 0.734 GC heap after
{Heap after GC invocations=1 (full 0):
 garbage-first heap   total 131072K, used 3976K [0x0000000081e00000, 0x0000000100000000)
  region size 1024K, 2 young (2048K), 2 survivors (2048K)
 Metaspace       used 11097K, capacity 11352K, committed 11520K, reserved 1058816K
  class space    used 1090K, capacity 1171K, committed 1280K, reserved 1048576K
}
Event: 0.977 GC heap before
{Heap before GC invocations=1 (full 0):
 garbage-first heap   total 131072K, used 18312K [0x0000000081e00000, 0x0000000100000000)
  region size 1024K, 16 young (16384K), 2 survivors (2048K)
 Metaspace       used 15600K, capacity 15875K, committed 16128K, reserved 1062912K
  class space    used 1617K, capacity 1725K, committed 1792K, reserved 1048576K
}
Event: 0.980 GC heap after
{Heap after GC invocations=2 (full 0):
 garbage-first heap   total 131072K, used 4950K [0x0000000081e00000, 0x0000000100000000)
  region size 1024K, 1 young (1024K), 1 survivors (1024K)
 Metaspace       used 15600K, capacity 15875K, committed 16128K, reserved 1062912K
  class space    used 1617K, capacity 1725K, committed 1792K, reserved 1048576K
}
Event: 1.243 GC heap before
{Heap before GC invocations=2 (full 0):
 garbage-first heap   total 131072K, used 30550K [0x0000000081e00000, 0x0000000100000000)
  region size 1024K, 28 young (28672K), 1 survivors (1024K)
 Metaspace       used 20775K, capacity 21183K, committed 21248K, reserved 1069056K
  class space    used 2373K, capacity 2541K, committed 2560K, reserved 1048576K
}
Event: 1.246 GC heap after
{Heap after GC invocations=3 (full 0):
 garbage-first heap   total 131072K, used 6109K [0x0000000081e00000, 0x0000000100000000)
  region size 1024K, 3 young (3072K), 3 survivors (3072K)
 Metaspace       used 20775K, capacity 21183K, committed 21248K, reserved 1069056K
  class space    used 2373K, capacity 2541K, committed 2560K, reserved 1048576K
}
Event: 1.804 GC heap before
{Heap before GC invocations=4 (full 0):
 garbage-first heap   total 131072K, used 46045K [0x0000000081e00000, 0x0000000100000000)
  region size 1024K, 43 young (44032K), 3 survivors (3072K)
 Metaspace       used 27753K, capacity 28323K, committed 28540K, reserved 1075200K
  class space    used 3199K, capacity 3407K, committed 3452K, reserved 1048576K
}
Event: 1.808 GC heap after
{Heap after GC invocations=5 (full 0):
 garbage-first heap   total 131072K, used 8552K [0x0000000081e00000, 0x0000000100000000)
  region size 1024K, 5 young (5120K), 5 survivors (5120K)
 Metaspace       used 27753K, capacity 28323K, committed 28540K, reserved 1075200K
  class space    used 3199K, capacity 3407K, committed 3452K, reserved 1048576K
}

Deoptimization events (10 events):
Event: 1.454 Thread 0x000001659aa93800 Uncommon trap: reason=unstable_if action=reinterpret pc=0x000001658fd8b144 method=java.nio.Buffer.position(I)Ljava/nio/Buffer; @ 45 c2
Event: 1.463 Thread 0x000001659aa93800 Uncommon trap: reason=unstable_if action=reinterpret pc=0x000001658fd6bbc0 method=java.nio.Buffer.position(I)Ljava/nio/Buffer; @ 45 c2
Event: 1.466 Thread 0x00000165fb2ae800 Uncommon trap: reason=unstable_if action=reinterpret pc=0x000001658fdbfc28 method=java.util.concurrent.ConcurrentHashMap.putVal(Ljava/lang/Object;Ljava/lang/Object;Z)Ljava/lang/Object; @ 231 c2
Event: 1.605 Thread 0x00000165fb2ae800 Uncommon trap: reason=profile_predicate action=maybe_recompile pc=0x000001658fdd9ff0 method=jdk.internal.jimage.ImageStringsReader.charsFromByteBuffer([CLjava/nio/ByteBuffer;)V @ 6 c2
Event: 1.605 Thread 0x00000165fb2ae800 Uncommon trap: reason=profile_predicate action=maybe_recompile pc=0x000001658fdd9ff0 method=jdk.internal.jimage.ImageStringsReader.charsFromByteBuffer([CLjava/nio/ByteBuffer;)V @ 6 c2
Event: 1.605 Thread 0x00000165fb2ae800 Uncommon trap: reason=profile_predicate action=maybe_recompile pc=0x000001658fdd9ff0 method=jdk.internal.jimage.ImageStringsReader.charsFromByteBuffer([CLjava/nio/ByteBuffer;)V @ 6 c2
Event: 1.605 Thread 0x00000165fb2ae800 Uncommon trap: reason=profile_predicate action=maybe_recompile pc=0x000001658fdd9ff0 method=jdk.internal.jimage.ImageStringsReader.charsFromByteBuffer([CLjava/nio/ByteBuffer;)V @ 6 c2
Event: 1.631 Thread 0x00000165fb2ae800 Uncommon trap: reason=unstable_if action=reinterpret pc=0x000001658fd83eb8 method=org.springframework.boot.context.properties.source.ConfigurationPropertyName$ElementsParser.updateType(Lorg/springframework/boot/context/properties/source/ConfigurationPrope
Event: 1.639 Thread 0x00000165fb2ae800 Uncommon trap: reason=profile_predicate action=maybe_recompile pc=0x000001658fde1a10 method=jdk.internal.jimage.ImageStringsReader.charsFromByteBuffer([CLjava/nio/ByteBuffer;)V @ 6 c2
Event: 1.797 Thread 0x000001659aa93800 Uncommon trap: reason=unstable_if action=reinterpret pc=0x000001658fe03780 method=com.sun.org.apache.xerces.internal.util.SymbolTable.addSymbol([CII)Ljava/lang/String; @ 38 c2

Classes redefined (0 events):
No events

Internal exceptions (10 events):
Event: 1.415 Thread 0x000001659aa93800 Exception <a 'java/lang/NoSuchMethodError'{0x0000000088d5a3c8}: java.lang.invoke.DirectMethodHandle$Holder.invokeVirtual(Ljava/lang/Object;Ljava/lang/Object;Ljava/lang/Object;Ljava/lang/Object;)Ljava/lang/Object;> (0x0000000088d5a3c8) thrown at [t:/worksp
Event: 1.470 Thread 0x00000165fb2ae800 Exception <a 'java/lang/IncompatibleClassChangeError'{0x0000000088976d78}: Found class java.lang.Object, but interface was expected> (0x0000000088976d78) thrown at [t:/workspace/open/src/hotspot/share/interpreter/linkResolver.cpp, line 838]
Event: 1.474 Thread 0x00000165fb2ae800 Exception <a 'java/lang/NoSuchMethodError'{0x0000000088820b10}: java.lang.invoke.DirectMethodHandle$Holder.invokeStatic(Ljava/lang/Object;Ljava/lang/Object;Ljava/lang/Object;Ljava/lang/Object;Ljava/lang/Object;)V> (0x0000000088820b10) thrown at [t:/worksp
Event: 1.671 Thread 0x00000165fb2ae800 Exception <a 'java/lang/NoSuchMethodError'{0x00000000879fa7c8}: java.lang.invoke.DirectMethodHandle$Holder.invokeInterface(Ljava/lang/Object;Ljava/lang/Object;Ljava/lang/Object;Ljava/lang/Object;)V> (0x00000000879fa7c8) thrown at [t:/workspace/open/src/ho
Event: 1.698 Thread 0x00000165fb2ae800 Exception <a 'java/lang/NoSuchMethodError'{0x000000008785b698}: java.lang.invoke.DirectMethodHandle$Holder.invokeSpecial(Ljava/lang/Object;Ljava/lang/Object;Ljava/lang/Object;Ljava/lang/Object;Ljava/lang/Object;)I> (0x000000008785b698) thrown at [t:/works
Event: 1.825 Thread 0x000001659aa93800 Exception <a 'java/lang/IncompatibleClassChangeError'{0x0000000089dadf58}: Found class java.lang.Object, but interface was expected> (0x0000000089dadf58) thrown at [t:/workspace/open/src/hotspot/share/interpreter/linkResolver.cpp, line 838]
Event: 1.872 Thread 0x000001659aa93800 Exception <a 'java/lang/NoSuchMethodError'{0x0000000089a6fab8}: java.lang.invoke.DirectMethodHandle$Holder.invokeStatic(Ljava/lang/Object;Ljava/lang/Object;Ljava/lang/Object;Ljava/lang/Object;Ljava/lang/Object;Ljava/lang/Object;Ljava/lang/Object;Ljava/lan
Event: 1.877 Thread 0x000001659aa93800 Exception <a 'java/lang/NoSuchMethodError'{0x000000008998dd00}: java.lang.invoke.DirectMethodHandle$Holder.invokeStatic(Ljava/lang/Object;Ljava/lang/Object;Ljava/lang/Object;Ljava/lang/Object;Ljava/lang/Object;Ljava/lang/Object;Ljava/lang/Object;Ljava/lan
Event: 1.879 Thread 0x000001659aa93800 Exception <a 'java/lang/NoSuchMethodError'{0x00000000899acd30}: java.lang.invoke.DirectMethodHandle$Holder.invokeStatic(Ljava/lang/Object;Ljava/lang/Object;Ljava/lang/Object;Ljava/lang/Object;Ljava/lang/Object;Ljava/lang/Object;Ljava/lang/Object;Ljava/lan
Event: 1.880 Thread 0x000001659aa93800 Exception <a 'java/lang/NoSuchMethodError'{0x00000000899cd488}: java.lang.invoke.DirectMethodHandle$Holder.invokeStatic(Ljava/lang/Object;Ljava/lang/Object;Ljava/lang/Object;Ljava/lang/Object;Ljava/lang/Object;Ljava/lang/Object;Ljava/lang/Object;Ljava/lan

Events (10 events):
Event: 1.882 Executing VM operation: RevokeBias
Event: 1.882 Executing VM operation: RevokeBias done
Event: 1.884 loading class org/springframework/web/filter/HiddenHttpMethodFilter
Event: 1.884 loading class org/springframework/web/filter/HiddenHttpMethodFilter done
Event: 1.886 loading class org/springframework/web/filter/FormContentFilter
Event: 1.886 loading class org/springframework/web/filter/FormContentFilter done
Event: 1.887 loading class org/springframework/boot/web/servlet/filter/OrderedFormContentFilter
Event: 1.887 loading class org/springframework/boot/web/servlet/filter/OrderedFormContentFilter done
Event: 1.888 loading class org/springframework/boot/web/servlet/filter/OrderedHiddenHttpMethodFilter
Event: 1.888 loading class org/springframework/boot/web/servlet/filter/OrderedHiddenHttpMethodFilter done


Dynamic libraries:
0x00007ff6c89c0000 - 0x00007ff6c8a07000 	C:\Java\jdk-11.0.2\bin\javaw.exe
0x00007ffe41520000 - 0x00007ffe41701000 	C:\WINDOWS\SYSTEM32\ntdll.dll
0x00007ffe3ec00000 - 0x00007ffe3ecb2000 	C:\WINDOWS\System32\KERNEL32.DLL
0x00007ffe3e370000 - 0x00007ffe3e5e3000 	C:\WINDOWS\System32\KERNELBASE.dll
0x00007ffe40b90000 - 0x00007ffe40c31000 	C:\WINDOWS\System32\ADVAPI32.dll
0x00007ffe405d0000 - 0x00007ffe4066e000 	C:\WINDOWS\System32\msvcrt.dll
0x00007ffe40cb0000 - 0x00007ffe40d0b000 	C:\WINDOWS\System32\sechost.dll
0x00007ffe406a0000 - 0x00007ffe407c4000 	C:\WINDOWS\System32\RPCRT4.dll
0x00007ffe40a00000 - 0x00007ffe40b90000 	C:\WINDOWS\System32\USER32.dll
0x00007ffe3e6f0000 - 0x00007ffe3e710000 	C:\WINDOWS\System32\win32u.dll
0x00007ffe40670000 - 0x00007ffe40698000 	C:\WINDOWS\System32\GDI32.dll
0x00007ffe3e710000 - 0x00007ffe3e8a2000 	C:\WINDOWS\System32\gdi32full.dll
0x00007ffe3e650000 - 0x00007ffe3e6ef000 	C:\WINDOWS\System32\msvcp_win.dll
0x00007ffe3e8b0000 - 0x00007ffe3e9a8000 	C:\WINDOWS\System32\ucrtbase.dll
0x00007ffe13470000 - 0x00007ffe136d9000 	C:\WINDOWS\WinSxS\amd64_microsoft.windows.common-controls_6595b64144ccf1df_6.0.17134.648_none_fb45a0e93062a6d2\COMCTL32.dll
0x00007ffe40f00000 - 0x00007ffe41222000 	C:\WINDOWS\System32\combase.dll
0x00007ffe3e240000 - 0x00007ffe3e2ba000 	C:\WINDOWS\System32\bcryptPrimitives.dll
0x00007ffe33f80000 - 0x00007ffe33f8a000 	C:\WINDOWS\SYSTEM32\VERSION.dll
0x00007ffe414c0000 - 0x00007ffe414ed000 	C:\WINDOWS\System32\IMM32.DLL
0x00007ffe2fcd0000 - 0x00007ffe2fce6000 	C:\Java\jdk-11.0.2\bin\vcruntime140.dll
0x00007ffe032d0000 - 0x00007ffe0337a000 	C:\Java\jdk-11.0.2\bin\msvcp140.dll
0x00007ffdf9b90000 - 0x00007ffdfa6b7000 	C:\Java\jdk-11.0.2\bin\server\jvm.dll
0x00007ffe414b0000 - 0x00007ffe414b8000 	C:\WINDOWS\System32\PSAPI.DLL
0x00007ffe3a1f0000 - 0x00007ffe3a1f9000 	C:\WINDOWS\SYSTEM32\WSOCK32.dll
0x00007ffe3b650000 - 0x00007ffe3b673000 	C:\WINDOWS\SYSTEM32\WINMM.dll
0x00007ffe40c40000 - 0x00007ffe40cac000 	C:\WINDOWS\System32\WS2_32.dll
0x00007ffe3b620000 - 0x00007ffe3b64a000 	C:\WINDOWS\SYSTEM32\winmmbase.dll
0x00007ffe3e000000 - 0x00007ffe3e049000 	C:\WINDOWS\System32\cfgmgr32.dll
0x00007ffe3d8b0000 - 0x00007ffe3d8c1000 	C:\WINDOWS\System32\kernel.appcore.dll
0x00007ffe348d0000 - 0x00007ffe348e1000 	C:\Java\jdk-11.0.2\bin\verify.dll
0x00007ffe2b960000 - 0x00007ffe2bb29000 	C:\WINDOWS\SYSTEM32\DBGHELP.DLL
0x00007ffe2b910000 - 0x00007ffe2b939000 	C:\WINDOWS\SYSTEM32\dbgcore.DLL
0x00007ffe2fea0000 - 0x00007ffe2fec9000 	C:\Java\jdk-11.0.2\bin\java.dll
0x00007ffe348b0000 - 0x00007ffe348c6000 	C:\Java\jdk-11.0.2\bin\zip.dll
0x00007ffe3a1e0000 - 0x00007ffe3a1ea000 	C:\Java\jdk-11.0.2\bin\jimage.dll
0x00007ffe3f190000 - 0x00007ffe405d0000 	C:\WINDOWS\System32\SHELL32.dll
0x00007ffe3eb50000 - 0x00007ffe3ebf9000 	C:\WINDOWS\System32\shcore.dll
0x00007ffe3d8f0000 - 0x00007ffe3dffd000 	C:\WINDOWS\System32\windows.storage.dll
0x00007ffe40d10000 - 0x00007ffe40d61000 	C:\WINDOWS\System32\shlwapi.dll
0x00007ffe3d8d0000 - 0x00007ffe3d8ef000 	C:\WINDOWS\System32\profapi.dll
0x00007ffe3d840000 - 0x00007ffe3d88c000 	C:\WINDOWS\System32\powrprof.dll
0x00007ffe3d830000 - 0x00007ffe3d83a000 	C:\WINDOWS\System32\FLTLIB.DLL
0x00007ffe2fe80000 - 0x00007ffe2fe99000 	C:\Java\jdk-11.0.2\bin\net.dll
0x00007ffe32a00000 - 0x00007ffe32bc8000 	C:\WINDOWS\SYSTEM32\urlmon.dll
0x00007ffe303a0000 - 0x00007ffe3047d000 	C:\WINDOWS\SYSTEM32\WINHTTP.dll
0x00007ffe33fd0000 - 0x00007ffe34275000 	C:\WINDOWS\SYSTEM32\iertutil.dll
0x00007ffe3d1e0000 - 0x00007ffe3d1eb000 	C:\WINDOWS\SYSTEM32\CRYPTBASE.DLL
0x00007ffe3d030000 - 0x00007ffe3d096000 	C:\WINDOWS\system32\mswsock.dll
0x00007ffe2fe30000 - 0x00007ffe2fe43000 	C:\Java\jdk-11.0.2\bin\nio.dll
0x00007ffe2fcc0000 - 0x00007ffe2fcc9000 	C:\Java\jdk-11.0.2\bin\management.dll
0x00007ffe2fcb0000 - 0x00007ffe2fcbc000 	C:\Java\jdk-11.0.2\bin\management_ext.dll
0x00007ffe156f0000 - 0x00007ffe15706000 	C:\WINDOWS\system32\napinsp.dll
0x00007ffe156d0000 - 0x00007ffe156ea000 	C:\WINDOWS\system32\pnrpnsp.dll
0x00007ffe3a120000 - 0x00007ffe3a139000 	C:\WINDOWS\system32\NLAapi.dll
0x00007ffe3cdf0000 - 0x00007ffe3ceae000 	C:\WINDOWS\SYSTEM32\DNSAPI.dll
0x00007ffe413b0000 - 0x00007ffe413b8000 	C:\WINDOWS\System32\NSI.dll
0x00007ffe3cdb0000 - 0x00007ffe3cde8000 	C:\WINDOWS\SYSTEM32\IPHLPAPI.DLL
0x00007ffe28fa0000 - 0x00007ffe28fae000 	C:\WINDOWS\System32\winrnr.dll
0x00007ffe2ea40000 - 0x00007ffe2ea4a000 	C:\Windows\System32\rasadhlp.dll
0x00007ffe305f0000 - 0x00007ffe30662000 	C:\WINDOWS\System32\fwpuclnt.dll
0x00007ffe3d310000 - 0x00007ffe3d335000 	C:\WINDOWS\SYSTEM32\bcrypt.dll

dbghelp: loaded successfully - version: 4.0.5 - missing functions: none
symbol engine: initialized successfully - sym options: 0x614 - pdb path: .;C:\Java\jdk-11.0.2\bin;C:\WINDOWS\SYSTEM32;C:\WINDOWS\WinSxS\amd64_microsoft.windows.common-controls_6595b64144ccf1df_6.0.17134.648_none_fb45a0e93062a6d2;C:\Java\jdk-11.0.2\bin\server

VM Arguments:
jvm_args: -Dfile.encoding=UTF-8 
java_command: com.example.demo.DemoApplication
java_class_path (initial): D:\springboot\demo\target\classes;C:\Users\Administrator\.m2\repository\org\springframework\boot\spring-boot-starter-web\2.1.4.RELEASE\spring-boot-starter-web-2.1.4.RELEASE.jar;C:\Users\Administrator\.m2\repository\org\springframework\boot\spring-boot-starter\2.1.4.RELEASE\spring-boot-starter-2.1.4.RELEASE.jar;C:\Users\Administrator\.m2\repository\org\springframework\boot\spring-boot\2.1.4.RELEASE\spring-boot-2.1.4.RELEASE.jar;C:\Users\Administrator\.m2\repository\org\springframework\boot\spring-boot-autoconfigure\2.1.4.RELEASE\spring-boot-autoconfigure-2.1.4.RELEASE.jar;C:\Users\Administrator\.m2\repository\org\springframework\boot\spring-boot-starter-logging\2.1.4.RELEASE\spring-boot-starter-logging-2.1.4.RELEASE.jar;C:\Users\Administrator\.m2\repository\ch\qos\logback\logback-classic\1.2.3\logback-classic-1.2.3.jar;C:\Users\Administrator\.m2\repository\ch\qos\logback\logback-core\1.2.3\logback-core-1.2.3.jar;C:\Users\Administrator\.m2\repository\org\apache\logging\log4j\log4j-to-slf4j\2.11.2\log4j-to-slf4j-2.11.2.jar;C:\Users\Administrator\.m2\repository\org\apache\logging\log4j\log4j-api\2.11.2\log4j-api-2.11.2.jar;C:\Users\Administrator\.m2\repository\org\slf4j\jul-to-slf4j\1.7.26\jul-to-slf4j-1.7.26.jar;C:\Users\Administrator\.m2\repository\javax\annotation\javax.annotation-api\1.3.2\javax.annotation-api-1.3.2.jar;C:\Users\Administrator\.m2\repository\org\yaml\snakeyaml\1.23\snakeyaml-1.23.jar;C:\Users\Administrator\.m2\repository\org\springframework\boot\spring-boot-starter-json\2.1.4.RELEASE\spring-boot-starter-json-2.1.4.RELEASE.jar;C:\Users\Administrator\.m2\repository\com\fasterxml\jackson\core\jackson-databind\2.9.8\jackson-databind-2.9.8.jar;C:\Users\Administrator\.m2\repository\com\fasterxml\jackson\core\jackson-annotations\2.9.0\jackson-annotations-2.9.0.jar;C:\Users\Administrator\.m2\repository\com\fasterxml\jackson\core\jackson-core\2.9.8\jackson-core-2.9.8.jar;C:\Users\Administrator\.m2\repository\com\fasterxml\jackson\
Launcher Type: SUN_STANDARD

[Global flags]
     intx CICompilerCount                          = 3                                         {product} {ergonomic}
     uint ConcGCThreads                            = 1                                         {product} {ergonomic}
     uint G1ConcRefinementThreads                  = 4                                         {product} {ergonomic}
   size_t G1HeapRegionSize                         = 1048576                                   {product} {ergonomic}
    uintx GCDrainStackTargetSize                   = 64                                        {product} {ergonomic}
   size_t InitialHeapSize                          = 134217728                                 {product} {ergonomic}
   size_t MarkStackSize                            = 4194304                                   {product} {ergonomic}
   size_t MaxHeapSize                              = 2116026368                                {product} {ergonomic}
   size_t MaxNewSize                               = 1268776960                                {product} {ergonomic}
   size_t MinHeapDeltaBytes                        = 1048576                                   {product} {ergonomic}
    uintx NonNMethodCodeHeapSize                   = 5830092                                {pd product} {ergonomic}
    uintx NonProfiledCodeHeapSize                  = 122914074                              {pd product} {ergonomic}
    uintx ProfiledCodeHeapSize                     = 122914074                              {pd product} {ergonomic}
    uintx ReservedCodeCacheSize                    = 251658240                              {pd product} {ergonomic}
     bool SegmentedCodeCache                       = true                                      {product} {ergonomic}
     bool UseCompressedClassPointers               = true                                 {lp64_product} {ergonomic}
     bool UseCompressedOops                        = true                                 {lp64_product} {ergonomic}
     bool UseG1GC                                  = true                                      {product} {ergonomic}
     bool UseLargePagesIndividualAllocation        = false                                  {pd product} {ergonomic}

Logging:
Log output configuration:
 #0: stdout all=warning uptime,level,tags
 #1: stderr all=off uptime,level,tags

Environment Variables:
JAVA_HOME=C:\Java\jdk-11.0.2
CLASSPATH=.;C:\Java\jdk-11.0.2\lib;C:\Java\jdk-11.0.2\lib\dt.jar;C:\Java\jdk-11.0.2\lib\tools.jar;
PATH=C:/Java/jdk-11.0.2/bin/server;C:/Java/jdk-11.0.2/bin;C:\Program Files\Microsoft MPI\Bin\;C:\Program Files (x86)\Common Files\Intel\Shared Libraries\redist\intel64\compiler;C:\WINDOWS\system32;C:\WINDOWS;C:\WINDOWS\System32\Wbem;C:\WINDOWS\System32\WindowsPowerShell\v1.0\;C:\LLVM\bin;C:\Program Files\Microsoft VS Code\bin;G:\c++\Git\cmd;C:\WINDOWS\System32\OpenSSH\;C:\Program Files\nodejs\;C:\Program Files\Git\cmd;C:\Java\jdk-11.0.2\bin;.;C:\Java\jdk-11.0.2\lib;C:\Java\jdk-11.0.2\lib\dt.jar;C:\Java\jdk-11.0.2\lib\tools.jar;;C:\Java\jdk-11.0.2\jre\bin;E:\Program Files (x86)\Microsoft SQL Server\140\Tools\Binn\;E:\Program Files\Microsoft SQL Server\140\Tools\Binn\;E:\Program Files (x86)\Microsoft SQL Server\140\DTS\Binn\;E:\Program Files\Microsoft SQL Server\140\DTS\Binn\;E:\Program Files\Microsoft SQL Server\Client SDK\ODBC\130\Tools\Binn\;C:\Users\Administrator\AppData\Local\Microsoft\WindowsApps;C:\LLVM\bin;C:\Users\Administrator\AppData\Roaming\npm;D:\Program Files\nodejs\X64\node_global\node_modules;;C:\Users\Administrator\Desktop;
USERNAME=Administrator
OS=Windows_NT
PROCESSOR_IDENTIFIER=Intel64 Family 6 Model 158 Stepping 9, GenuineIntel



---------------  S Y S T E M  ---------------

OS: Windows 10 , 64 bit Build 17134 (10.0.17134.648)

CPU:total 4 (initial active 4) (4 cores per cpu, 1 threads per core) family 6 model 158 stepping 9, cmov, cx8, fxsr, mmx, sse, sse2, sse3, ssse3, sse4.1, sse4.2, popcnt, avx, avx2, aes, clmul, erms, 3dnowpref, lzcnt, tsc, tscinvbit, bmi1, bmi2, adx, fma

Memory: 4k page, system-wide physical 8067M (734M free)
TotalPageFile size 14362M (AvailPageFile size 5M)
current process WorkingSet (physical memory assigned to process): 145M, peak: 145M
current process commit charge ("private bytes"): 254M, peak: 254M

vm_info: Java HotSpot(TM) 64-Bit Server VM (11.0.2+9-LTS) for windows-amd64 JRE (11.0.2+9-LTS), built on Jan 18 2019 05:24:10 by "mach5one" with MS VC++ 15.5 (VS2017)

END.
